*** Starting uWSGI 2.0.17.1 (64bit) on [Thu Jan 24 17:28:47 2019] ***
compiled with version: 5.4.0 20160609 on 11 January 2019 06:45:12
os: Linux-4.4.0-93-generic #116-Ubuntu SMP Fri Aug 11 21:17:51 UTC 2017
nodename: iZwz97qbsxnzhn4a25pdrsZ
machine: x86_64
clock source: unix
detected number of CPU cores: 1
current working directory: /home/DjangoWorkspace/myWeb
detected binary path: /usr/local/bin/uwsgi
!!! no internal routing support, rebuild with pcre support !!!
uWSGI running as root, you can use --uid/--gid/--chroot options
*** WARNING: you are running uWSGI as root !!! (use the --uid flag) *** 
chdir() to /home/DjangoWorkspace/myWeb
your processes number limit is 7857
your memory page size is 4096 bytes
detected max file descriptor number: 65535
lock engine: pthread robust mutexes
thunder lock: disabled (you can enable it with --thunder-lock)
uwsgi socket 0 bound to TCP address 127.0.0.1:8000 fd 3
uWSGI running as root, you can use --uid/--gid/--chroot options
*** WARNING: you are running uWSGI as root !!! (use the --uid flag) *** 
Python version: 3.5.2 (default, Nov 12 2018, 13:43:14)  [GCC 5.4.0 20160609]
Set PythonHome to /home/ENV/venv1
*** Python threads support is disabled. You can enable it with --enable-threads ***
Python main interpreter initialized at 0x1fc1720
uWSGI running as root, you can use --uid/--gid/--chroot options
*** WARNING: you are running uWSGI as root !!! (use the --uid flag) *** 
your server socket listen backlog is limited to 100 connections
your mercy for graceful operations on workers is 60 seconds
mapped 145808 bytes (142 KB) for 1 cores
*** Operational MODE: single process ***
WSGI app 0 (mountpoint='') ready in 1 seconds on interpreter 0x1fc1720 pid: 20813 (default app)
uWSGI running as root, you can use --uid/--gid/--chroot options
*** WARNING: you are running uWSGI as root !!! (use the --uid flag) *** 
*** uWSGI is running in multiple interpreter mode ***
spawned uWSGI master process (pid: 20813)
spawned uWSGI worker 1 (pid: 20815, cores: 1)
*** Starting uWSGI 2.0.17.1 (64bit) on [Thu Jan 24 17:54:26 2019] ***
compiled with version: 5.4.0 20160609 on 11 January 2019 06:45:12
os: Linux-4.4.0-93-generic #116-Ubuntu SMP Fri Aug 11 21:17:51 UTC 2017
nodename: iZwz97qbsxnzhn4a25pdrsZ
machine: x86_64
clock source: unix
detected number of CPU cores: 1
current working directory: /home/DjangoWorkspace/myWeb
detected binary path: /usr/local/bin/uwsgi
!!! no internal routing support, rebuild with pcre support !!!
uWSGI running as root, you can use --uid/--gid/--chroot options
*** WARNING: you are running uWSGI as root !!! (use the --uid flag) *** 
chdir() to /home/DjangoWorkspace/myWeb
your processes number limit is 7857
your memory page size is 4096 bytes
detected max file descriptor number: 65535
lock engine: pthread robust mutexes
thunder lock: disabled (you can enable it with --thunder-lock)
probably another instance of uWSGI is running on the same address (127.0.0.1:8000).
bind(): Address already in use [core/socket.c line 769]
